Makefile.in
aclocal.m4
autoconfig.h.in
autom4te.cache/output.0
autom4te.cache/output.1
autom4te.cache/output.2
autom4te.cache/requests
autom4te.cache/traces.0
autom4te.cache/traces.1
autom4te.cache/traces.2
auxdir/config.guess
auxdir/config.sub
auxdir/install-sh
auxdir/ltmain.sh
configure
doc/Makefile.in
hotplug/Makefile.in
m4/libtool.m4
m4/ltoptions.m4
m4/ltsugar.m4
m4/ltversion.m4
m4/lt~obsolete.m4
ppp/Makefile.in
xpp/Makefile.in
xpp/oct612x/Makefile.in
xpp/perl_modules/Makefile.in
xpp/xtalk/Makefile.in
